<?xml version="1.0" encoding="UTF-8"?>
<!-- Generated by org.testng.reporters.JUnitXMLReporter -->
<testsuite ignored="0" hostname="DESKTOP-D2BOHSS" failures="1" tests="3" name="Test" time="61.715" errors="0" timestamp="2021-06-05T13:26:56 IST">
  <testcase classname="com.auto.testscripts.VerifySite" name="testsele" time="1.735">
    <failure type="java.lang.AssertionError" message="did not expect to find [true] but found [false]">
      <![CDATA[java.lang.AssertionError: did not expect to find [true] but found [false]
at com.auto.pageobjects.JavatHome.verifytitle(JavatHome.java:37)
at com.auto.testscripts.VerifySite.testsele(VerifySite.java:25)
at java.base/java.util.ArrayList.forEach(ArrayList.java:1511)
... Removed 31 stack frames]]>
    </failure>
  </testcase> <!-- testsele -->
  <testcase classname="com.auto.testscripts.VerifySite" name="testjst" time="0.08"/>
  <testcase classname="com.auto.testscripts.VerifySite" name="testdbms" time="0.055"/>
</testsuite> <!-- Test -->
